1073 [background-preinit] INFO  o.h.validator.internal.util.Version –
                HV000001: Hibernate Validator 6.2.3.Final
1081 [main] INFO  ru.mirea.task14.Task14Application –
                Starting Task14Application using Java 17.0.2 on LAPTOP-FS6ABO0T with PID 24636 (D:\java\task14\target\classes started by maxku in D:\java\task14)
1083 [main] INFO  ru.mirea.task14.Task14Application –
                No active profile set, falling back to 1 default profile: "default"
2105 [main] INFO  o.s.d.r.c.RepositoryConfigurationDelegate –
                Bootstrapping Spring Data JPA repositories in DEFAULT mode.
2169 [main] INFO  o.s.d.r.c.RepositoryConfigurationDelegate –
                Finished Spring Data repository scanning in 54 ms. Found 2 JPA repository interfaces.
2773 [main] INFO  o.s.b.w.e.tomcat.TomcatWebServer –
                Tomcat initialized with port(s): 8080 (http)
2782 [main] INFO  o.a.coyote.http11.Http11NioProtocol –
                Initializing ProtocolHandler ["http-nio-8080"]
2782 [main] INFO  o.a.catalina.core.StandardService –
                Starting service [Tomcat]
2782 [main] INFO  o.a.catalina.core.StandardEngine –
                Starting Servlet engine: [Apache Tomcat/9.0.60]
2927 [main] INFO  o.a.c.c.C.[Tomcat].[localhost].[/] –
                Initializing Spring embedded WebApplicationContext
2928 [main] INFO  o.s.b.w.s.c.ServletWebServerApplicationContext –
                Root WebApplicationContext: initialization completed in 1791 ms
3183 [main] INFO  com.zaxxer.hikari.HikariDataSource –
                HikariPool-1 - Starting...
3416 [main] INFO  com.zaxxer.hikari.HikariDataSource –
                HikariPool-1 - Start completed.
3459 [main] INFO  o.h.jpa.internal.util.LogHelper –
                HHH000204: Processing PersistenceUnitInfo [name: default]
3510 [main] INFO  org.hibernate.Version –
                HHH000412: Hibernate ORM core version 5.6.7.Final
3697 [main] INFO  o.h.annotations.common.Version –
                HCANN000001: Hibernate Commons Annotations {5.1.2.Final}
3824 [main] INFO  org.hibernate.dialect.Dialect –
                HHH000400: Using dialect: org.hibernate.dialect.PostgreSQLDialect
4453 [main] INFO  o.h.e.t.j.p.i.JtaPlatformInitiator –
                HHH000490: Using JtaPlatform implementation: [org.hibernate.engine.transaction.jta.platform.internal.NoJtaPlatform]
4463 [main] INFO  o.s.o.j.LocalContainerEntityManagerFactoryBean –
                Initialized JPA EntityManagerFactory for persistence unit 'default'
4910 [main] WARN  o.s.b.a.o.j.JpaBaseConfiguration$JpaWebConfiguration –
                spring.jpa.open-in-view is enabled by default. Therefore, database queries may be performed during view rendering. Explicitly configure spring.jpa.open-in-view to disable this warning
5466 [main] INFO  o.s.b.a.e.web.EndpointLinksResolver –
                Exposing 1 endpoint(s) beneath base path '/actuator'
5520 [main] INFO  o.a.coyote.http11.Http11NioProtocol –
                Starting ProtocolHandler ["http-nio-8080"]
5545 [main] INFO  o.s.b.w.e.tomcat.TomcatWebServer –
                Tomcat started on port(s): 8080 (http) with context path ''
5564 [main] INFO  ru.mirea.task14.Task14Application –
                Started Task14Application in 5.035 seconds (JVM running for 6.532)
6210 [RMI TCP Connection(1)-192.168.56.1] INFO  o.a.c.c.C.[Tomcat].[localhost].[/] –
                Initializing Spring DispatcherServlet 'dispatcherServlet'
6210 [RMI TCP Connection(1)-192.168.56.1] INFO  o.s.web.servlet.DispatcherServlet –
                Initializing Servlet 'dispatcherServlet'
6213 [RMI TCP Connection(1)-192.168.56.1] INFO  o.s.web.servlet.DispatcherServlet –
                Completed initialization in 3 ms
613764 [SpringApplicationShutdownHook] INFO  o.s.o.j.LocalContainerEntityManagerFactoryBean –
                Closing JPA EntityManagerFactory for persistence unit 'default'
613764 [SpringApplicationShutdownHook] INFO  com.zaxxer.hikari.HikariDataSource –
                HikariPool-1 - Shutdown initiated...
613764 [SpringApplicationShutdownHook] INFO  com.zaxxer.hikari.HikariDataSource –
                HikariPool-1 - Shutdown completed.
